[2022-05-14 05:02:10.636] [main] [info] window#load: attempt to load window (id: 1)
[2022-05-14 05:02:10.654] [main] [info] update#setState idle
[2022-05-14 05:02:10.725] [main] [info] ExtensionHostStarterWorker created
[2022-05-14 05:02:11.799] [main] [info] window#load: window reported ready (id: 1)
[2022-05-14 05:02:11.982] [main] [info] Starting extension host with pid 3586 (fork() took 15 ms).
[2022-05-14 05:02:11.983] [main] [info] ExtensionHostStarterWorker.start() took 18 ms.
[2022-05-14 05:02:28.787] [main] [info] window#load: attempt to load window (id: 1)
[2022-05-14 05:02:28.807] [main] [info] Extension host with pid 3586 exited with code: 0, signal: null.
[2022-05-14 05:02:29.231] [main] [info] window#load: window reported ready (id: 1)
[2022-05-14 05:02:29.395] [main] [info] Starting extension host with pid 3870 (fork() took 12 ms).
[2022-05-14 05:02:29.396] [main] [info] ExtensionHostStarterWorker.start() took 30 ms.
[2022-05-14 05:02:40.658] [main] [info] update#setState checking for updates
[2022-05-14 05:02:40.662] [main] [info] update#setState available for download
[2022-05-14 05:19:35.565] [main] [info] window#load: attempt to load window (id: 1)
[2022-05-14 05:19:35.615] [main] [info] Extension host with pid 3870 exited with code: 0, signal: null.
[2022-05-14 05:19:36.218] [main] [info] window#load: window reported ready (id: 1)
[2022-05-14 05:19:36.377] [main] [info] Starting extension host with pid 5245 (fork() took 22 ms).
[2022-05-14 05:19:36.385] [main] [info] ExtensionHostStarterWorker.start() took 32 ms.
[2022-05-14 05:21:13.141] [main] [info] Waiting for extension host with pid 5245 to exit.
[2022-05-14 05:21:13.151] [main] [info] Extension host with pid 5245 exited with code: 0, signal: null.
