[2022-05-14 05:02:13.027] [sharedprocess] [info] Starting worker process with pid 3664 (type: fileWatcher, window: 1).
[2022-05-14 05:02:13.179] [sharedprocess] [warning] [/home/ubuntu/.vscode/extensions/ms-toolsai.jupyter-2022.4.1011282140]: Couldn't find message for key jupyter.command.jupyter.debug.title.
[2022-05-14 05:02:13.180] [sharedprocess] [warning] [/home/ubuntu/.vscode/extensions/ms-toolsai.jupyter-2022.4.1011282140]: Couldn't find message for key jupyter.command.jupyter.runByLine.title.
[2022-05-14 05:02:13.180] [sharedprocess] [warning] [/home/ubuntu/.vscode/extensions/ms-toolsai.jupyter-2022.4.1011282140]: Couldn't find message for key jupyter.command.jupyter.debugCell.title.
[2022-05-14 05:02:13.180] [sharedprocess] [warning] [/home/ubuntu/.vscode/extensions/ms-toolsai.jupyter-2022.4.1011282140]: Couldn't find message for key jupyter.command.jupyter.runByLineNext.title.
[2022-05-14 05:02:13.180] [sharedprocess] [warning] [/home/ubuntu/.vscode/extensions/ms-toolsai.jupyter-2022.4.1011282140]: Couldn't find message for key jupyter.command.jupyter.runByLineStop.title.
[2022-05-14 05:02:13.180] [sharedprocess] [warning] [/home/ubuntu/.vscode/extensions/ms-toolsai.jupyter-2022.4.1011282140]: Couldn't find message for key jupyter.command.jupyter.viewOutput.title.
[2022-05-14 05:02:13.180] [sharedprocess] [warning] [/home/ubuntu/.vscode/extensions/ms-toolsai.jupyter-2022.4.1011282140]: Couldn't find message for key DataScience.notebookExportAs.
[2022-05-14 05:02:13.180] [sharedprocess] [warning] [/home/ubuntu/.vscode/extensions/ms-toolsai.jupyter-2022.4.1011282140]: Couldn't find message for key DataScience.notebookExportAs.shorttitle.
[2022-05-14 05:02:13.180] [sharedprocess] [warning] [/home/ubuntu/.vscode/extensions/ms-toolsai.jupyter-2022.4.1011282140]: Couldn't find message for key DataScience.notebookExportAs.
[2022-05-14 05:02:13.180] [sharedprocess] [warning] [/home/ubuntu/.vscode/extensions/ms-toolsai.jupyter-2022.4.1011282140]: Couldn't find message for key jupyter.command.jupyter.exportAsPythonScript.title.
[2022-05-14 05:02:13.180] [sharedprocess] [warning] [/home/ubuntu/.vscode/extensions/ms-toolsai.jupyter-2022.4.1011282140]: Couldn't find message for key jupyter.command.jupyter.exportToHTML.title.
[2022-05-14 05:02:13.181] [sharedprocess] [warning] [/home/ubuntu/.vscode/extensions/ms-toolsai.jupyter-2022.4.1011282140]: Couldn't find message for key jupyter.command.jupyter.exportToPDF.title.
[2022-05-14 05:02:13.181] [sharedprocess] [warning] [/home/ubuntu/.vscode/extensions/ms-toolsai.jupyter-2022.4.1011282140]: Couldn't find message for key jupyter.command.jupyter.selectJupyterInterpreter.title.
[2022-05-14 05:02:13.181] [sharedprocess] [warning] [/home/ubuntu/.vscode/extensions/ms-toolsai.jupyter-2022.4.1011282140]: Couldn't find message for key jupyter.command.jupyter.runcurrentcell.title.
[2022-05-14 05:02:13.181] [sharedprocess] [warning] [/home/ubuntu/.vscode/extensions/ms-toolsai.jupyter-2022.4.1011282140]: Couldn't find message for key jupyter.command.jupyter.debugcell.title.
[2022-05-14 05:02:13.181] [sharedprocess] [warning] [/home/ubuntu/.vscode/extensions/ms-toolsai.jupyter-2022.4.1011282140]: Couldn't find message for key jupyter.command.jupyter.debugstepover.title.
[2022-05-14 05:02:13.181] [sharedprocess] [warning] [/home/ubuntu/.vscode/extensions/ms-toolsai.jupyter-2022.4.1011282140]: Couldn't find message for key jupyter.command.jupyter.debugstop.title.
[2022-05-14 05:02:13.181] [sharedprocess] [warning] [/home/ubuntu/.vscode/extensions/ms-toolsai.jupyter-2022.4.1011282140]: Couldn't find message for key jupyter.command.jupyter.debugcontinue.title.
[2022-05-14 05:02:13.188] [sharedprocess] [warning] [/home/ubuntu/.vscode/extensions/ms-toolsai.jupyter-2022.4.1011282140]: Couldn't find message for key jupyter.command.jupyter.insertCellBelowPosition.title.
[2022-05-14 05:02:13.189] [sharedprocess] [warning] [/home/ubuntu/.vscode/extensions/ms-toolsai.jupyter-2022.4.1011282140]: Couldn't find message for key jupyter.command.jupyter.insertCellBelow.title.
[2022-05-14 05:02:13.189] [sharedprocess] [warning] [/home/ubuntu/.vscode/extensions/ms-toolsai.jupyter-2022.4.1011282140]: Couldn't find message for key jupyter.command.jupyter.insertCellAbove.title.
[2022-05-14 05:02:13.189] [sharedprocess] [warning] [/home/ubuntu/.vscode/extensions/ms-toolsai.jupyter-2022.4.1011282140]: Couldn't find message for key jupyter.command.jupyter.deleteCells.title.
[2022-05-14 05:02:13.189] [sharedprocess] [warning] [/home/ubuntu/.vscode/extensions/ms-toolsai.jupyter-2022.4.1011282140]: Couldn't find message for key jupyter.command.jupyter.selectCell.title.
[2022-05-14 05:02:13.189] [sharedprocess] [warning] [/home/ubuntu/.vscode/extensions/ms-toolsai.jupyter-2022.4.1011282140]: Couldn't find message for key jupyter.command.jupyter.selectCellContents.title.
[2022-05-14 05:02:13.189] [sharedprocess] [warning] [/home/ubuntu/.vscode/extensions/ms-toolsai.jupyter-2022.4.1011282140]: Couldn't find message for key jupyter.command.jupyter.extendSelectionByCellAbove.title.
[2022-05-14 05:02:13.189] [sharedprocess] [warning] [/home/ubuntu/.vscode/extensions/ms-toolsai.jupyter-2022.4.1011282140]: Couldn't find message for key jupyter.command.jupyter.extendSelectionByCellBelow.title.
[2022-05-14 05:02:13.189] [sharedprocess] [warning] [/home/ubuntu/.vscode/extensions/ms-toolsai.jupyter-2022.4.1011282140]: Couldn't find message for key jupyter.command.jupyter.moveCellsUp.title.
[2022-05-14 05:02:13.190] [sharedprocess] [warning] [/home/ubuntu/.vscode/extensions/ms-toolsai.jupyter-2022.4.1011282140]: Couldn't find message for key jupyter.command.jupyter.moveCellsDown.title.
[2022-05-14 05:02:13.190] [sharedprocess] [warning] [/home/ubuntu/.vscode/extensions/ms-toolsai.jupyter-2022.4.1011282140]: Couldn't find message for key jupyter.command.jupyter.changeCellToMarkdown.title.
[2022-05-14 05:02:13.190] [sharedprocess] [warning] [/home/ubuntu/.vscode/extensions/ms-toolsai.jupyter-2022.4.1011282140]: Couldn't find message for key jupyter.command.jupyter.changeCellToCode.title.
[2022-05-14 05:02:13.190] [sharedprocess] [warning] [/home/ubuntu/.vscode/extensions/ms-toolsai.jupyter-2022.4.1011282140]: Couldn't find message for key jupyter.command.jupyter.gotoNextCellInFile.title.
[2022-05-14 05:02:13.190] [sharedprocess] [warning] [/home/ubuntu/.vscode/extensions/ms-toolsai.jupyter-2022.4.1011282140]: Couldn't find message for key jupyter.command.jupyter.gotoPrevCellInFile.title.
[2022-05-14 05:02:13.190] [sharedprocess] [warning] [/home/ubuntu/.vscode/extensions/ms-toolsai.jupyter-2022.4.1011282140]: Couldn't find message for key jupyter.command.jupyter.runcurrentcelladvance.title.
[2022-05-14 05:02:13.190] [sharedprocess] [warning] [/home/ubuntu/.vscode/extensions/ms-toolsai.jupyter-2022.4.1011282140]: Couldn't find message for key jupyter.command.jupyter.runcurrentcellandallbelow.palette.title.
[2022-05-14 05:02:13.190] [sharedprocess] [warning] [/home/ubuntu/.vscode/extensions/ms-toolsai.jupyter-2022.4.1011282140]: Couldn't find message for key jupyter.command.jupyter.runallcellsabove.palette.title.
[2022-05-14 05:02:13.190] [sharedprocess] [warning] [/home/ubuntu/.vscode/extensions/ms-toolsai.jupyter-2022.4.1011282140]: Couldn't find message for key jupyter.command.jupyter.debugcurrentcell.palette.title.
[2022-05-14 05:02:13.191] [sharedprocess] [warning] [/home/ubuntu/.vscode/extensions/ms-toolsai.jupyter-2022.4.1011282140]: Couldn't find message for key jupyter.command.jupyter.execSelectionInteractive.title.
[2022-05-14 05:02:13.191] [sharedprocess] [warning] [/home/ubuntu/.vscode/extensions/ms-toolsai.jupyter-2022.4.1011282140]: Couldn't find message for key jupyter.command.jupyter.createnewinteractive.title.
[2022-05-14 05:02:13.191] [sharedprocess] [warning] [/home/ubuntu/.vscode/extensions/ms-toolsai.jupyter-2022.4.1011282140]: Couldn't find message for key jupyter.command.jupyter.runFileInteractive.title.
[2022-05-14 05:02:13.192] [sharedprocess] [warning] [/home/ubuntu/.vscode/extensions/ms-toolsai.jupyter-2022.4.1011282140]: Couldn't find message for key jupyter.command.jupyter.debugFileInteractive.title.
[2022-05-14 05:02:13.192] [sharedprocess] [warning] [/home/ubuntu/.vscode/extensions/ms-toolsai.jupyter-2022.4.1011282140]: Couldn't find message for key jupyter.command.jupyter.runallcells.title.
[2022-05-14 05:02:13.192] [sharedprocess] [warning] [/home/ubuntu/.vscode/extensions/ms-toolsai.jupyter-2022.4.1011282140]: Couldn't find message for key jupyter.command.jupyter.runallcellsabove.title.
[2022-05-14 05:02:13.192] [sharedprocess] [warning] [/home/ubuntu/.vscode/extensions/ms-toolsai.jupyter-2022.4.1011282140]: Couldn't find message for key jupyter.command.jupyter.runcellandallbelow.title.
[2022-05-14 05:02:13.192] [sharedprocess] [warning] [/home/ubuntu/.vscode/extensions/ms-toolsai.jupyter-2022.4.1011282140]: Couldn't find message for key jupyter.command.jupyter.runcell.title.
[2022-05-14 05:02:13.192] [sharedprocess] [warning] [/home/ubuntu/.vscode/extensions/ms-toolsai.jupyter-2022.4.1011282140]: Couldn't find message for key jupyter.command.jupyter.runtoline.title.
[2022-05-14 05:02:13.192] [sharedprocess] [warning] [/home/ubuntu/.vscode/extensions/ms-toolsai.jupyter-2022.4.1011282140]: Couldn't find message for key jupyter.command.jupyter.runfromline.title.
[2022-05-14 05:02:13.192] [sharedprocess] [warning] [/home/ubuntu/.vscode/extensions/ms-toolsai.jupyter-2022.4.1011282140]: Couldn't find message for key jupyter.command.jupyter.selectjupyteruri.title.
[2022-05-14 05:02:13.192] [sharedprocess] [warning] [/home/ubuntu/.vscode/extensions/ms-toolsai.jupyter-2022.4.1011282140]: Couldn't find message for key jupyter.command.jupyter.selectjupyteruri.title.
[2022-05-14 05:02:13.192] [sharedprocess] [warning] [/home/ubuntu/.vscode/extensions/ms-toolsai.jupyter-2022.4.1011282140]: Couldn't find message for key jupyter.command.jupyter.selectjupytercommandline.title.
[2022-05-14 05:02:13.192] [sharedprocess] [warning] [/home/ubuntu/.vscode/extensions/ms-toolsai.jupyter-2022.4.1011282140]: Couldn't find message for key jupyter.command.jupyter.importnotebook.title.
[2022-05-14 05:02:13.192] [sharedprocess] [warning] [/home/ubuntu/.vscode/extensions/ms-toolsai.jupyter-2022.4.1011282140]: Couldn't find message for key jupyter.command.jupyter.importnotebookfile.title.
[2022-05-14 05:02:13.192] [sharedprocess] [warning] [/home/ubuntu/.vscode/extensions/ms-toolsai.jupyter-2022.4.1011282140]: Couldn't find message for key jupyter.command.jupyter.exportoutputasnotebook.title.
[2022-05-14 05:02:13.193] [sharedprocess] [warning] [/home/ubuntu/.vscode/extensions/ms-toolsai.jupyter-2022.4.1011282140]: Couldn't find message for key jupyter.command.jupyter.exportfileasnotebook.title.
[2022-05-14 05:02:13.193] [sharedprocess] [warning] [/home/ubuntu/.vscode/extensions/ms-toolsai.jupyter-2022.4.1011282140]: Couldn't find message for key jupyter.command.jupyter.exportfileandoutputasnotebook.title.
[2022-05-14 05:02:13.193] [sharedprocess] [warning] [/home/ubuntu/.vscode/extensions/ms-toolsai.jupyter-2022.4.1011282140]: Couldn't find message for key jupyter.command.jupyter.undocells.title.
[2022-05-14 05:02:13.193] [sharedprocess] [warning] [/home/ubuntu/.vscode/extensions/ms-toolsai.jupyter-2022.4.1011282140]: Couldn't find message for key jupyter.command.jupyter.redocells.title.
[2022-05-14 05:02:13.193] [sharedprocess] [warning] [/home/ubuntu/.vscode/extensions/ms-toolsai.jupyter-2022.4.1011282140]: Couldn't find message for key jupyter.command.jupyter.interruptkernel.title.
[2022-05-14 05:02:13.193] [sharedprocess] [warning] [/home/ubuntu/.vscode/extensions/ms-toolsai.jupyter-2022.4.1011282140]: Couldn't find message for key jupyter.command.jupyter.interruptkernel.shorttitle.
[2022-05-14 05:02:13.193] [sharedprocess] [warning] [/home/ubuntu/.vscode/extensions/ms-toolsai.jupyter-2022.4.1011282140]: Couldn't find message for key jupyter.command.jupyter.restartkernel.title.
[2022-05-14 05:02:13.193] [sharedprocess] [warning] [/home/ubuntu/.vscode/extensions/ms-toolsai.jupyter-2022.4.1011282140]: Couldn't find message for key jupyter.command.jupyter.restartkernel.shorttitle.
[2022-05-14 05:02:13.193] [sharedprocess] [warning] [/home/ubuntu/.vscode/extensions/ms-toolsai.jupyter-2022.4.1011282140]: Couldn't find message for key jupyter.command.jupyter.interruptkernel.title.
[2022-05-14 05:02:13.193] [sharedprocess] [warning] [/home/ubuntu/.vscode/extensions/ms-toolsai.jupyter-2022.4.1011282140]: Couldn't find message for key jupyter.command.jupyter.interruptkernel.shorttitle.
[2022-05-14 05:02:13.193] [sharedprocess] [warning] [/home/ubuntu/.vscode/extensions/ms-toolsai.jupyter-2022.4.1011282140]: Couldn't find message for key jupyter.command.jupyter.restartkernel.title.
[2022-05-14 05:02:13.193] [sharedprocess] [warning] [/home/ubuntu/.vscode/extensions/ms-toolsai.jupyter-2022.4.1011282140]: Couldn't find message for key jupyter.command.jupyter.restartkernel.shorttitle.
[2022-05-14 05:02:13.194] [sharedprocess] [warning] [/home/ubuntu/.vscode/extensions/ms-toolsai.jupyter-2022.4.1011282140]: Couldn't find message for key jupyter.command.jupyter.selectjupyteruri.title.
[2022-05-14 05:02:13.194] [sharedprocess] [warning] [/home/ubuntu/.vscode/extensions/ms-toolsai.jupyter-2022.4.1011282140]: Couldn't find message for key jupyter.command.jupyter.notebookeditor.addcellbelow.title.
[2022-05-14 05:02:13.194] [sharedprocess] [warning] [/home/ubuntu/.vscode/extensions/ms-toolsai.jupyter-2022.4.1011282140]: Couldn't find message for key jupyter.command.jupyter.notebookeditor.removeallcells.title.
[2022-05-14 05:02:13.194] [sharedprocess] [warning] [/home/ubuntu/.vscode/extensions/ms-toolsai.jupyter-2022.4.1011282140]: Couldn't find message for key jupyter.command.jupyter.notebookeditor.expandallcells.title.
[2022-05-14 05:02:13.194] [sharedprocess] [warning] [/home/ubuntu/.vscode/extensions/ms-toolsai.jupyter-2022.4.1011282140]: Couldn't find message for key jupyter.command.jupyter.notebookeditor.collapseallcells.title.
[2022-05-14 05:02:13.194] [sharedprocess] [warning] [/home/ubuntu/.vscode/extensions/ms-toolsai.jupyter-2022.4.1011282140]: Couldn't find message for key jupyter.command.jupyter.expandallcells.title.
[2022-05-14 05:02:13.194] [sharedprocess] [warning] [/home/ubuntu/.vscode/extensions/ms-toolsai.jupyter-2022.4.1011282140]: Couldn't find message for key jupyter.command.jupyter.expandallcells.shorttitle.
[2022-05-14 05:02:13.194] [sharedprocess] [warning] [/home/ubuntu/.vscode/extensions/ms-toolsai.jupyter-2022.4.1011282140]: Couldn't find message for key jupyter.command.jupyter.collapseallcells.title.
[2022-05-14 05:02:13.194] [sharedprocess] [warning] [/home/ubuntu/.vscode/extensions/ms-toolsai.jupyter-2022.4.1011282140]: Couldn't find message for key jupyter.command.jupyter.collapseallcells.shorttitle.
[2022-05-14 05:02:13.194] [sharedprocess] [warning] [/home/ubuntu/.vscode/extensions/ms-toolsai.jupyter-2022.4.1011282140]: Couldn't find message for key jupyter.command.jupyter.addcellbelow.title.
[2022-05-14 05:02:13.195] [sharedprocess] [warning] [/home/ubuntu/.vscode/extensions/ms-toolsai.jupyter-2022.4.1011282140]: Couldn't find message for key jupyter.command.jupyter.scrolltocell.title.
[2022-05-14 05:02:13.195] [sharedprocess] [warning] [/home/ubuntu/.vscode/extensions/ms-toolsai.jupyter-2022.4.1011282140]: Couldn't find message for key jupyter.command.jupyter.createGitHubIssue.title.
[2022-05-14 05:02:13.195] [sharedprocess] [warning] [/home/ubuntu/.vscode/extensions/ms-toolsai.jupyter-2022.4.1011282140]: Couldn't find message for key jupyter.command.jupyter.submitGitHubIssue.title.
[2022-05-14 05:02:13.195] [sharedprocess] [warning] [/home/ubuntu/.vscode/extensions/ms-toolsai.jupyter-2022.4.1011282140]: Couldn't find message for key jupyter.command.jupyter.enableDebugLogging.title.
[2022-05-14 05:02:13.195] [sharedprocess] [warning] [/home/ubuntu/.vscode/extensions/ms-toolsai.jupyter-2022.4.1011282140]: Couldn't find message for key jupyter.command.jupyter.resetLoggingLevel.title.
[2022-05-14 05:02:13.195] [sharedprocess] [warning] [/home/ubuntu/.vscode/extensions/ms-toolsai.jupyter-2022.4.1011282140]: Couldn't find message for key jupyter.command.jupyter.showDataViewer.title.
[2022-05-14 05:02:13.196] [sharedprocess] [warning] [/home/ubuntu/.vscode/extensions/ms-toolsai.jupyter-2022.4.1011282140]: Couldn't find message for key jupyter.command.jupyter.clearSavedJupyterUris.title.
[2022-05-14 05:02:13.196] [sharedprocess] [warning] [/home/ubuntu/.vscode/extensions/ms-toolsai.jupyter-2022.4.1011282140]: Couldn't find message for key jupyter.command.jupyter.openVariableView.title.
[2022-05-14 05:02:13.196] [sharedprocess] [warning] [/home/ubuntu/.vscode/extensions/ms-toolsai.jupyter-2022.4.1011282140]: Couldn't find message for key jupyter.command.jupyter.openVariableView.shorttitle.
[2022-05-14 05:02:13.197] [sharedprocess] [warning] [/home/ubuntu/.vscode/extensions/ms-toolsai.jupyter-2022.4.1011282140]: Couldn't find message for key jupyter.command.jupyter.openOutlineView.title.
[2022-05-14 05:02:13.198] [sharedprocess] [warning] [/home/ubuntu/.vscode/extensions/ms-toolsai.jupyter-2022.4.1011282140]: Couldn't find message for key jupyter.command.jupyter.openOutlineView.shorttitle.
[2022-05-14 05:02:13.198] [sharedprocess] [warning] [/home/ubuntu/.vscode/extensions/ms-toolsai.jupyter-2022.4.1011282140]: Couldn't find message for key DataScience.refreshDataViewerCommandPalette.
[2022-05-14 05:02:13.198] [sharedprocess] [warning] [/home/ubuntu/.vscode/extensions/ms-toolsai.jupyter-2022.4.1011282140]: Couldn't find message for key DataScience.interactiveClearAllCells.
[2022-05-14 05:02:13.198] [sharedprocess] [warning] [/home/ubuntu/.vscode/extensions/ms-toolsai.jupyter-2022.4.1011282140]: Couldn't find message for key DataScience.interactiveRemoveCell.
[2022-05-14 05:02:13.198] [sharedprocess] [warning] [/home/ubuntu/.vscode/extensions/ms-toolsai.jupyter-2022.4.1011282140]: Couldn't find message for key DataScience.interactiveGoToCode.
[2022-05-14 05:02:13.198] [sharedprocess] [warning] [/home/ubuntu/.vscode/extensions/ms-toolsai.jupyter-2022.4.1011282140]: Couldn't find message for key DataScience.exportDialogTitle.
[2022-05-14 05:02:13.199] [sharedprocess] [warning] [/home/ubuntu/.vscode/extensions/ms-toolsai.jupyter-2022.4.1011282140]: Couldn't find message for key DataScience.exportAsNotebook.shorttitle.
[2022-05-14 05:02:13.199] [sharedprocess] [warning] [/home/ubuntu/.vscode/extensions/ms-toolsai.jupyter-2022.4.1011282140]: Couldn't find message for key DataScience.notebookExport.
[2022-05-14 05:02:13.199] [sharedprocess] [warning] [/home/ubuntu/.vscode/extensions/ms-toolsai.jupyter-2022.4.1011282140]: Couldn't find message for key DataScience.interactiveCopyCell.
[2022-05-14 05:02:13.200] [sharedprocess] [warning] [/home/ubuntu/.vscode/extensions/ms-toolsai.jupyter-2022.4.1011282140]: Couldn't find message for key DataScience.runInDedicatedExtensionHost.
[2022-05-14 05:02:13.200] [sharedprocess] [warning] [/home/ubuntu/.vscode/extensions/ms-toolsai.jupyter-2022.4.1011282140]: Couldn't find message for key jupyter.command.jupyter.restartkernel.title.
[2022-05-14 05:02:13.200] [sharedprocess] [warning] [/home/ubuntu/.vscode/extensions/ms-toolsai.jupyter-2022.4.1011282140]: Couldn't find message for key jupyter.command.jupyter.interruptkernel.title.
[2022-05-14 05:02:13.200] [sharedprocess] [warning] [/home/ubuntu/.vscode/extensions/ms-toolsai.jupyter-2022.4.1011282140]: Couldn't find message for key jupyter.command.jupyter.openVariableView.title.
[2022-05-14 05:02:13.200] [sharedprocess] [warning] [/home/ubuntu/.vscode/extensions/ms-toolsai.jupyter-2022.4.1011282140]: Couldn't find message for key jupyter.command.jupyter.openOutlineView.title.
[2022-05-14 05:02:13.200] [sharedprocess] [warning] [/home/ubuntu/.vscode/extensions/ms-toolsai.jupyter-2022.4.1011282140]: Couldn't find message for key DataScience.notebookExportAs.
[2022-05-14 05:02:13.200] [sharedprocess] [warning] [/home/ubuntu/.vscode/extensions/ms-toolsai.jupyter-2022.4.1011282140]: Couldn't find message for key jupyter.command.jupyter.selectjupyteruri.title.
[2022-05-14 05:02:13.201] [sharedprocess] [warning] [/home/ubuntu/.vscode/extensions/ms-toolsai.jupyter-2022.4.1011282140]: Couldn't find message for key jupyter.command.jupyter.debug.title.
[2022-05-14 05:02:13.201] [sharedprocess] [warning] [/home/ubuntu/.vscode/extensions/ms-toolsai.jupyter-2022.4.1011282140]: Couldn't find message for key jupyter.command.jupyter.runByLine.title.
[2022-05-14 05:02:13.201] [sharedprocess] [warning] [/home/ubuntu/.vscode/extensions/ms-toolsai.jupyter-2022.4.1011282140]: Couldn't find message for key jupyter.command.jupyter.runByLineNext.title.
[2022-05-14 05:02:13.201] [sharedprocess] [warning] [/home/ubuntu/.vscode/extensions/ms-toolsai.jupyter-2022.4.1011282140]: Couldn't find message for key jupyter.command.jupyter.runByLineStop.title.
[2022-05-14 05:02:13.201] [sharedprocess] [warning] [/home/ubuntu/.vscode/extensions/ms-toolsai.jupyter-2022.4.1011282140]: Couldn't find message for key jupyter.command.jupyter.exportAsPythonScript.title.
[2022-05-14 05:02:13.201] [sharedprocess] [warning] [/home/ubuntu/.vscode/extensions/ms-toolsai.jupyter-2022.4.1011282140]: Couldn't find message for key jupyter.command.jupyter.exportToHTML.title.
[2022-05-14 05:02:13.201] [sharedprocess] [warning] [/home/ubuntu/.vscode/extensions/ms-toolsai.jupyter-2022.4.1011282140]: Couldn't find message for key jupyter.command.jupyter.exportToPDF.title.
[2022-05-14 05:02:13.201] [sharedprocess] [warning] [/home/ubuntu/.vscode/extensions/ms-toolsai.jupyter-2022.4.1011282140]: Couldn't find message for key jupyter.command.jupyter.insertCellBelowPosition.title.
[2022-05-14 05:02:13.201] [sharedprocess] [warning] [/home/ubuntu/.vscode/extensions/ms-toolsai.jupyter-2022.4.1011282140]: Couldn't find message for key jupyter.command.jupyter.insertCellBelow.title.
[2022-05-14 05:02:13.202] [sharedprocess] [warning] [/home/ubuntu/.vscode/extensions/ms-toolsai.jupyter-2022.4.1011282140]: Couldn't find message for key jupyter.command.jupyter.insertCellAbove.title.
[2022-05-14 05:02:13.202] [sharedprocess] [warning] [/home/ubuntu/.vscode/extensions/ms-toolsai.jupyter-2022.4.1011282140]: Couldn't find message for key jupyter.command.jupyter.deleteCells.title.
[2022-05-14 05:02:13.202] [sharedprocess] [warning] [/home/ubuntu/.vscode/extensions/ms-toolsai.jupyter-2022.4.1011282140]: Couldn't find message for key jupyter.command.jupyter.selectCell.title.
[2022-05-14 05:02:13.202] [sharedprocess] [warning] [/home/ubuntu/.vscode/extensions/ms-toolsai.jupyter-2022.4.1011282140]: Couldn't find message for key jupyter.command.jupyter.selectCellContents.title.
[2022-05-14 05:02:13.202] [sharedprocess] [warning] [/home/ubuntu/.vscode/extensions/ms-toolsai.jupyter-2022.4.1011282140]: Couldn't find message for key jupyter.command.jupyter.extendSelectionByCellAbove.title.
[2022-05-14 05:02:13.202] [sharedprocess] [warning] [/home/ubuntu/.vscode/extensions/ms-toolsai.jupyter-2022.4.1011282140]: Couldn't find message for key jupyter.command.jupyter.extendSelectionByCellBelow.title.
[2022-05-14 05:02:13.202] [sharedprocess] [warning] [/home/ubuntu/.vscode/extensions/ms-toolsai.jupyter-2022.4.1011282140]: Couldn't find message for key jupyter.command.jupyter.moveCellsUp.title.
[2022-05-14 05:02:13.202] [sharedprocess] [warning] [/home/ubuntu/.vscode/extensions/ms-toolsai.jupyter-2022.4.1011282140]: Couldn't find message for key jupyter.command.jupyter.moveCellsDown.title.
[2022-05-14 05:02:13.203] [sharedprocess] [warning] [/home/ubuntu/.vscode/extensions/ms-toolsai.jupyter-2022.4.1011282140]: Couldn't find message for key jupyter.command.jupyter.changeCellToMarkdown.title.
[2022-05-14 05:02:13.203] [sharedprocess] [warning] [/home/ubuntu/.vscode/extensions/ms-toolsai.jupyter-2022.4.1011282140]: Couldn't find message for key jupyter.command.jupyter.changeCellToCode.title.
[2022-05-14 05:02:13.203] [sharedprocess] [warning] [/home/ubuntu/.vscode/extensions/ms-toolsai.jupyter-2022.4.1011282140]: Couldn't find message for key jupyter.command.jupyter.gotoNextCellInFile.title.
[2022-05-14 05:02:13.203] [sharedprocess] [warning] [/home/ubuntu/.vscode/extensions/ms-toolsai.jupyter-2022.4.1011282140]: Couldn't find message for key jupyter.command.jupyter.gotoPrevCellInFile.title.
[2022-05-14 05:02:13.203] [sharedprocess] [warning] [/home/ubuntu/.vscode/extensions/ms-toolsai.jupyter-2022.4.1011282140]: Couldn't find message for key jupyter.command.jupyter.runcurrentcell.title.
[2022-05-14 05:02:13.203] [sharedprocess] [warning] [/home/ubuntu/.vscode/extensions/ms-toolsai.jupyter-2022.4.1011282140]: Couldn't find message for key jupyter.command.jupyter.runcurrentcelladvance.title.
[2022-05-14 05:02:13.203] [sharedprocess] [warning] [/home/ubuntu/.vscode/extensions/ms-toolsai.jupyter-2022.4.1011282140]: Couldn't find message for key jupyter.command.jupyter.runcurrentcellandallbelow.palette.title.
[2022-05-14 05:02:13.203] [sharedprocess] [warning] [/home/ubuntu/.vscode/extensions/ms-toolsai.jupyter-2022.4.1011282140]: Couldn't find message for key jupyter.command.jupyter.runallcellsabove.palette.title.
[2022-05-14 05:02:13.208] [sharedprocess] [warning] [/home/ubuntu/.vscode/extensions/ms-toolsai.jupyter-2022.4.1011282140]: Couldn't find message for key jupyter.command.jupyter.debugcurrentcell.palette.title.
[2022-05-14 05:02:13.208] [sharedprocess] [warning] [/home/ubuntu/.vscode/extensions/ms-toolsai.jupyter-2022.4.1011282140]: Couldn't find message for key jupyter.command.jupyter.createnewinteractive.title.
[2022-05-14 05:02:13.208] [sharedprocess] [warning] [/home/ubuntu/.vscode/extensions/ms-toolsai.jupyter-2022.4.1011282140]: Couldn't find message for key jupyter.command.jupyter.runallcells.title.
[2022-05-14 05:02:13.208] [sharedprocess] [warning] [/home/ubuntu/.vscode/extensions/ms-toolsai.jupyter-2022.4.1011282140]: Couldn't find message for key jupyter.command.jupyter.scrolltocell.title.
[2022-05-14 05:02:13.209] [sharedprocess] [warning] [/home/ubuntu/.vscode/extensions/ms-toolsai.jupyter-2022.4.1011282140]: Couldn't find message for key jupyter.command.jupyter.debugcell.title.
[2022-05-14 05:02:13.209] [sharedprocess] [warning] [/home/ubuntu/.vscode/extensions/ms-toolsai.jupyter-2022.4.1011282140]: Couldn't find message for key jupyter.command.jupyter.runcell.title.
[2022-05-14 05:02:13.209] [sharedprocess] [warning] [/home/ubuntu/.vscode/extensions/ms-toolsai.jupyter-2022.4.1011282140]: Couldn't find message for key jupyter.command.jupyter.runFileInteractive.title.
[2022-05-14 05:02:13.209] [sharedprocess] [warning] [/home/ubuntu/.vscode/extensions/ms-toolsai.jupyter-2022.4.1011282140]: Couldn't find message for key jupyter.command.jupyter.debugFileInteractive.title.
[2022-05-14 05:02:13.210] [sharedprocess] [warning] [/home/ubuntu/.vscode/extensions/ms-toolsai.jupyter-2022.4.1011282140]: Couldn't find message for key jupyter.command.jupyter.importnotebook.title.
[2022-05-14 05:02:13.210] [sharedprocess] [warning] [/home/ubuntu/.vscode/extensions/ms-toolsai.jupyter-2022.4.1011282140]: Couldn't find message for key jupyter.command.jupyter.exportfileasnotebook.title.
[2022-05-14 05:02:13.210] [sharedprocess] [warning] [/home/ubuntu/.vscode/extensions/ms-toolsai.jupyter-2022.4.1011282140]: Couldn't find message for key jupyter.command.jupyter.exportfileandoutputasnotebook.title.
[2022-05-14 05:02:13.210] [sharedprocess] [warning] [/home/ubuntu/.vscode/extensions/ms-toolsai.jupyter-2022.4.1011282140]: Couldn't find message for key jupyter.command.jupyter.interruptkernel.title.
[2022-05-14 05:02:13.210] [sharedprocess] [warning] [/home/ubuntu/.vscode/extensions/ms-toolsai.jupyter-2022.4.1011282140]: Couldn't find message for key jupyter.command.jupyter.restartkernel.title.
[2022-05-14 05:02:13.210] [sharedprocess] [warning] [/home/ubuntu/.vscode/extensions/ms-toolsai.jupyter-2022.4.1011282140]: Couldn't find message for key jupyter.command.jupyter.undocells.title.
[2022-05-14 05:02:13.210] [sharedprocess] [warning] [/home/ubuntu/.vscode/extensions/ms-toolsai.jupyter-2022.4.1011282140]: Couldn't find message for key jupyter.command.jupyter.redocells.title.
[2022-05-14 05:02:13.210] [sharedprocess] [warning] [/home/ubuntu/.vscode/extensions/ms-toolsai.jupyter-2022.4.1011282140]: Couldn't find message for key jupyter.command.jupyter.notebookeditor.removeallcells.title.
[2022-05-14 05:02:13.221] [sharedprocess] [warning] [/home/ubuntu/.vscode/extensions/ms-toolsai.jupyter-2022.4.1011282140]: Couldn't find message for key jupyter.command.jupyter.interruptkernel.title.
[2022-05-14 05:02:13.221] [sharedprocess] [warning] [/home/ubuntu/.vscode/extensions/ms-toolsai.jupyter-2022.4.1011282140]: Couldn't find message for key jupyter.command.jupyter.restartkernel.title.
[2022-05-14 05:02:13.221] [sharedprocess] [warning] [/home/ubuntu/.vscode/extensions/ms-toolsai.jupyter-2022.4.1011282140]: Couldn't find message for key jupyter.command.jupyter.notebookeditor.addcellbelow.title.
[2022-05-14 05:02:13.221] [sharedprocess] [warning] [/home/ubuntu/.vscode/extensions/ms-toolsai.jupyter-2022.4.1011282140]: Couldn't find message for key jupyter.command.jupyter.expandallcells.title.
[2022-05-14 05:02:13.222] [sharedprocess] [warning] [/home/ubuntu/.vscode/extensions/ms-toolsai.jupyter-2022.4.1011282140]: Couldn't find message for key jupyter.command.jupyter.collapseallcells.title.
[2022-05-14 05:02:13.222] [sharedprocess] [warning] [/home/ubuntu/.vscode/extensions/ms-toolsai.jupyter-2022.4.1011282140]: Couldn't find message for key jupyter.command.jupyter.expandallcells.title.
[2022-05-14 05:02:13.222] [sharedprocess] [warning] [/home/ubuntu/.vscode/extensions/ms-toolsai.jupyter-2022.4.1011282140]: Couldn't find message for key jupyter.command.jupyter.expandallcells.shorttitle.
[2022-05-14 05:02:13.222] [sharedprocess] [warning] [/home/ubuntu/.vscode/extensions/ms-toolsai.jupyter-2022.4.1011282140]: Couldn't find message for key jupyter.command.jupyter.collapseallcells.title.
[2022-05-14 05:02:13.222] [sharedprocess] [warning] [/home/ubuntu/.vscode/extensions/ms-toolsai.jupyter-2022.4.1011282140]: Couldn't find message for key jupyter.command.jupyter.collapseallcells.shorttitle.
[2022-05-14 05:02:13.222] [sharedprocess] [warning] [/home/ubuntu/.vscode/extensions/ms-toolsai.jupyter-2022.4.1011282140]: Couldn't find message for key jupyter.command.jupyter.exportoutputasnotebook.title.
[2022-05-14 05:02:13.223] [sharedprocess] [warning] [/home/ubuntu/.vscode/extensions/ms-toolsai.jupyter-2022.4.1011282140]: Couldn't find message for key jupyter.command.jupyter.addcellbelow.title.
[2022-05-14 05:02:13.223] [sharedprocess] [warning] [/home/ubuntu/.vscode/extensions/ms-toolsai.jupyter-2022.4.1011282140]: Couldn't find message for key DataScience.latestExtension.
[2022-05-14 05:02:13.223] [sharedprocess] [warning] [/home/ubuntu/.vscode/extensions/ms-toolsai.jupyter-2022.4.1011282140]: Couldn't find message for key DataScience.notebookExportAs.
[2022-05-14 05:02:13.224] [sharedprocess] [warning] [/home/ubuntu/.vscode/extensions/ms-toolsai.jupyter-2022.4.1011282140]: Couldn't find message for key DataScience.notebookExportAs.
[2022-05-14 05:02:13.224] [sharedprocess] [warning] [/home/ubuntu/.vscode/extensions/ms-toolsai.jupyter-2022.4.1011282140]: Couldn't find message for key jupyter.command.jupyter.resetLoggingLevel.title.
[2022-05-14 05:02:13.224] [sharedprocess] [warning] [/home/ubuntu/.vscode/extensions/ms-toolsai.jupyter-2022.4.1011282140]: Couldn't find message for key jupyter.command.jupyter.enableDebugLogging.title.
[2022-05-14 05:02:13.224] [sharedprocess] [warning] [/home/ubuntu/.vscode/extensions/ms-toolsai.jupyter-2022.4.1011282140]: Couldn't find message for key jupyter.command.jupyter.openVariableView.title.
[2022-05-14 05:02:13.224] [sharedprocess] [warning] [/home/ubuntu/.vscode/extensions/ms-toolsai.jupyter-2022.4.1011282140]: Couldn't find message for key jupyter.command.jupyter.openOutlineView.title.
[2022-05-14 05:02:13.224] [sharedprocess] [warning] [/home/ubuntu/.vscode/extensions/ms-toolsai.jupyter-2022.4.1011282140]: Couldn't find message for key jupyter.command.jupyter.selectjupyteruri.title.
[2022-05-14 05:02:13.428] [sharedprocess] [info] Deleted from disk ms-toolsai.jupyter /home/ubuntu/.vscode/extensions/ms-toolsai.jupyter-2022.4.1011282140
[2022-05-14 05:02:28.796] [sharedprocess] [info] Worker process with pid 3664 terminated normally (type: fileWatcher, window: 1).
[2022-05-14 05:02:29.397] [sharedprocess] [info] Starting worker process with pid 3871 (type: fileWatcher, window: 1).
[2022-05-14 05:19:35.583] [sharedprocess] [info] Worker process with pid 3871 terminated normally (type: fileWatcher, window: 1).
[2022-05-14 05:19:36.389] [sharedprocess] [info] Starting worker process with pid 5243 (type: fileWatcher, window: 1).
