[2022-05-14 05:02:12.743] [exthost] [info] Extension host with pid 3586 started
[2022-05-14 05:02:12.743] [exthost] [info] Skipping acquiring lock for /home/ubuntu/.config/Code/User/workspaceStorage/b88f9721bd1aa2d56868e9155fc7f527.
[2022-05-14 05:02:12.860] [exthost] [info] ExtensionService#_doActivateExtension vscode.configuration-editing, startup: false, activationEvent: 'onLanguage:json'
[2022-05-14 05:02:12.874] [exthost] [info] ExtensionService#_doActivateExtension vscode.extension-editing, startup: false, activationEvent: 'onLanguage:json'
[2022-05-14 05:02:12.884] [exthost] [info] ExtensionService#_doActivateExtension vscode.json-language-features, startup: false, activationEvent: 'onLanguage:json'
[2022-05-14 05:02:12.914] [exthost] [info] ExtensionService#_doActivateExtension vscode.npm, startup: false, activationEvent: 'onLanguage:json'
[2022-05-14 05:02:12.931] [exthost] [info] ExtensionService#_doActivateExtension SimonSiefke.prettier-vscode, startup: false, activationEvent: 'onLanguage:json'
[2022-05-14 05:02:12.944] [exthost] [info] ExtensionService#_doActivateExtension vscode.microsoft-authentication, startup: false, activationEvent: 'onAuthenticationRequest:microsoft'
[2022-05-14 05:02:12.973] [exthost] [info] ExtensionService#_doActivateExtension vscode.debug-auto-launch, startup: true, activationEvent: '*'
[2022-05-14 05:02:12.979] [exthost] [info] ExtensionService#_doActivateExtension vscode.git-base, startup: true, activationEvent: '*', root cause: vscode.git
[2022-05-14 05:02:12.982] [exthost] [info] ExtensionService#_doActivateExtension vscode.ipynb, startup: true, activationEvent: '*'
[2022-05-14 05:02:12.988] [exthost] [info] ExtensionService#_doActivateExtension ms-python.python, startup: true, activationEvent: 'workspaceContains:requirements.txt'
[2022-05-14 05:02:13.179] [exthost] [info] ExtensionService#_doActivateExtension vscode.git, startup: true, activationEvent: '*'
[2022-05-14 05:02:13.209] [exthost] [info] ExtensionService#_doActivateExtension vscode.github, startup: true, activationEvent: '*'
[2022-05-14 05:02:13.599] [exthost] [info] Eager extensions activated
[2022-05-14 05:02:13.683] [exthost] [info] ExtensionService#_doActivateExtension vscode.github-authentication, startup: false, activationEvent: 'onAuthenticationRequest:github'
[2022-05-14 05:02:13.700] [exthost] [info] ExtensionService#_doActivateExtension vscode.emmet, startup: false, activationEvent: 'onStartupFinished'
[2022-05-14 05:02:13.708] [exthost] [info] ExtensionService#_doActivateExtension vscode.merge-conflict, startup: false, activationEvent: 'onStartupFinished'
[2022-05-14 05:02:13.715] [exthost] [info] ExtensionService#_doActivateExtension ms-vscode-remote.remote-containers, startup: false, activationEvent: 'onStartupFinished'
[2022-05-14 05:02:28.786] [exthost] [info] Extension host terminating: renderer closed the socket
[2022-05-14 05:02:28.794] [exthost] [info] Extension host with pid 3586 exiting with code 0
[2022-05-14 05:02:29.922] [exthost] [info] Extension host with pid 3870 started
[2022-05-14 05:02:29.923] [exthost] [info] Skipping acquiring lock for /home/ubuntu/.config/Code/User/workspaceStorage/22e85529619fff61f4b90c417c4bcca6.
[2022-05-14 05:02:29.969] [exthost] [info] ExtensionService#_doActivateExtension vscode.microsoft-authentication, startup: false, activationEvent: 'onAuthenticationRequest:microsoft'
[2022-05-14 05:02:29.980] [exthost] [info] ExtensionService#_doActivateExtension vscode.debug-auto-launch, startup: true, activationEvent: '*'
[2022-05-14 05:02:29.982] [exthost] [info] ExtensionService#_doActivateExtension vscode.git-base, startup: true, activationEvent: '*', root cause: vscode.git
[2022-05-14 05:02:29.983] [exthost] [info] ExtensionService#_doActivateExtension vscode.ipynb, startup: true, activationEvent: '*'
[2022-05-14 05:02:29.985] [exthost] [info] ExtensionService#_doActivateExtension vscode.npm, startup: true, activationEvent: 'workspaceContains:package.json'
[2022-05-14 05:02:30.002] [exthost] [info] ExtensionService#_doActivateExtension vscode.git, startup: true, activationEvent: '*'
[2022-05-14 05:02:30.015] [exthost] [info] ExtensionService#_doActivateExtension vscode.github, startup: true, activationEvent: '*'
[2022-05-14 05:02:30.043] [exthost] [info] ExtensionService#_doActivateExtension vscode.github-authentication, startup: false, activationEvent: 'onAuthenticationRequest:github'
[2022-05-14 05:02:30.125] [exthost] [info] Eager extensions activated
[2022-05-14 05:02:30.134] [exthost] [info] ExtensionService#_doActivateExtension vscode.emmet, startup: false, activationEvent: 'onStartupFinished'
[2022-05-14 05:02:30.139] [exthost] [info] ExtensionService#_doActivateExtension vscode.merge-conflict, startup: false, activationEvent: 'onStartupFinished'
[2022-05-14 05:02:30.141] [exthost] [info] ExtensionService#_doActivateExtension ms-vscode-remote.remote-containers, startup: false, activationEvent: 'onStartupFinished'
[2022-05-14 05:02:31.651] [exthost] [info] ExtensionService#_doActivateExtension JuanBlanco.solidity, startup: false, activationEvent: 'onLanguage:solidity'
[2022-05-14 05:02:33.523] [exthost] [info] ExtensionService#_doActivateExtension SimonSiefke.prettier-vscode, startup: false, activationEvent: 'onLanguage:solidity'
[2022-05-14 05:19:35.568] [exthost] [info] Extension host terminating: renderer closed the socket
[2022-05-14 05:19:35.593] [exthost] [info] Extension host with pid 3870 exiting with code 0
[2022-05-14 05:19:36.855] [exthost] [info] Extension host with pid 5245 started
[2022-05-14 05:19:36.855] [exthost] [info] Skipping acquiring lock for /home/ubuntu/.config/Code/User/workspaceStorage/413034e9bb0cd8436ad81f57002abf70.
[2022-05-14 05:19:36.894] [exthost] [info] ExtensionService#_doActivateExtension vscode.microsoft-authentication, startup: false, activationEvent: 'onAuthenticationRequest:microsoft'
[2022-05-14 05:19:36.906] [exthost] [info] ExtensionService#_doActivateExtension vscode.debug-auto-launch, startup: true, activationEvent: '*'
[2022-05-14 05:19:36.908] [exthost] [info] ExtensionService#_doActivateExtension vscode.git-base, startup: true, activationEvent: '*', root cause: vscode.git
[2022-05-14 05:19:36.910] [exthost] [info] ExtensionService#_doActivateExtension vscode.ipynb, startup: true, activationEvent: '*'
[2022-05-14 05:19:36.933] [exthost] [info] ExtensionService#_doActivateExtension vscode.git, startup: true, activationEvent: '*'
[2022-05-14 05:19:36.944] [exthost] [info] ExtensionService#_doActivateExtension vscode.github, startup: true, activationEvent: '*'
[2022-05-14 05:19:36.984] [exthost] [info] Eager extensions activated
[2022-05-14 05:19:37.005] [exthost] [info] ExtensionService#_doActivateExtension vscode.github-authentication, startup: false, activationEvent: 'onAuthenticationRequest:github'
[2022-05-14 05:19:37.018] [exthost] [info] ExtensionService#_doActivateExtension vscode.emmet, startup: false, activationEvent: 'onStartupFinished'
[2022-05-14 05:19:37.022] [exthost] [info] ExtensionService#_doActivateExtension vscode.merge-conflict, startup: false, activationEvent: 'onStartupFinished'
[2022-05-14 05:19:37.024] [exthost] [info] ExtensionService#_doActivateExtension ms-vscode-remote.remote-containers, startup: false, activationEvent: 'onStartupFinished'
[2022-05-14 05:19:37.254] [exthost] [info] ExtensionService#_doActivateExtension vscode.extension-editing, startup: false, activationEvent: 'onLanguage:markdown'
[2022-05-14 05:19:37.280] [exthost] [info] ExtensionService#_doActivateExtension vscode.markdown-language-features, startup: false, activationEvent: 'onLanguage:markdown'
[2022-05-14 05:19:37.330] [exthost] [info] ExtensionService#_doActivateExtension SimonSiefke.prettier-vscode, startup: false, activationEvent: 'onLanguage:markdown'
[2022-05-14 05:19:37.588] [exthost] [info] ExtensionService#_doActivateExtension vscode.markdown-math, startup: false, activationEvent: 'api', root cause: vscode.markdown-language-features
[2022-05-14 05:21:13.133] [exthost] [info] Extension host terminating: renderer closed the socket
[2022-05-14 05:21:13.139] [exthost] [info] Extension host with pid 5245 exiting with code 0
