[2022-05-13T23:49:36.956Z] Validating found git in: git
[2022-05-13T23:49:36.971Z] Using git 2.25.1 from git
[2022-05-13T23:49:36.991Z] > git rev-parse --show-toplevel [16ms]
[2022-05-13T23:49:37.048Z] > git rev-parse --git-dir --git-common-dir [45ms]
[2022-05-13T23:49:37.051Z] Open repository: /home/ubuntu/Documents/tmp/CTFs
[2022-05-13T23:49:37.347Z] > git status -z -uall [292ms]
[2022-05-13T23:49:37.367Z] > git symbolic-ref --short HEAD [13ms]
[2022-05-13T23:49:37.377Z] > git for-each-ref --format=%(refname)%00%(upstream:short)%00%(objectname)%00%(upstream:track)%00%(upstream:remotename)%00%(upstream:remoteref) refs/heads/master refs/remotes/master [1ms]
[2022-05-13T23:49:37.383Z] > git remote --verbose [1ms]
[2022-05-13T23:49:37.383Z] > git for-each-ref --sort -committerdate --format %(refname) %(objectname) %(*objectname) [3ms]
[2022-05-13T23:49:37.388Z] > git config --get commit.template [0ms]
[2022-05-13T23:49:37.678Z] > git check-ignore -v -z --stdin [1ms]
[2022-05-13T23:49:37.764Z] > git show --textconv :HalbornCTF_Rust_Solana/README.md [3ms]
[2022-05-13T23:49:37.765Z] > git ls-files --stage -- /home/ubuntu/Documents/tmp/CTFs/HalbornCTF_Rust_Solana/README.md [1ms]
[2022-05-13T23:49:37.767Z] > git cat-file -s 83e4547801388eb0b71ffe04005312cf224bbe04 [0ms]
[2022-05-13T23:49:39.258Z] > git check-ignore -v -z --stdin [0ms]
[2022-05-13T23:49:39.885Z] > git check-ignore -v -z --stdin [1ms]
[2022-05-13T23:49:40.623Z] > git show --textconv :HalbornCTF_Rust_Solana/ctf/src/constant.rs [3ms]
[2022-05-13T23:49:40.623Z] > git ls-files --stage -- /home/ubuntu/Documents/tmp/CTFs/HalbornCTF_Rust_Solana/ctf/src/constant.rs [0ms]
[2022-05-13T23:49:40.626Z] > git cat-file -s 3f1b5d32b8449afe073d2e29cbc0e6463bdcff19 [1ms]
[2022-05-13T23:49:41.944Z] > git show --textconv :HalbornCTF_Rust_Solana/ctf/src/error.rs [3ms]
[2022-05-13T23:49:41.945Z] > git ls-files --stage -- /home/ubuntu/Documents/tmp/CTFs/HalbornCTF_Rust_Solana/ctf/src/error.rs [1ms]
[2022-05-13T23:49:41.948Z] > git cat-file -s b1b429e772c52fa4fc54b9986000a6797d1c942f [1ms]
[2022-05-13T23:49:46.263Z] > git show --textconv :HalbornCTF_Rust_Solana/ctf/src/instruction.rs [6ms]
[2022-05-13T23:49:46.264Z] > git ls-files --stage -- /home/ubuntu/Documents/tmp/CTFs/HalbornCTF_Rust_Solana/ctf/src/instruction.rs [2ms]
[2022-05-13T23:49:46.271Z] > git cat-file -s 0fc3aa4b0865a940af644e311aa09020ff6f1262 [2ms]
[2022-05-13T23:49:52.830Z] > git show --textconv :HalbornCTF_Rust_Solana/ctf/src/lib.rs [4ms]
[2022-05-13T23:49:52.831Z] > git ls-files --stage -- /home/ubuntu/Documents/tmp/CTFs/HalbornCTF_Rust_Solana/ctf/src/lib.rs [1ms]
[2022-05-13T23:49:52.834Z] > git cat-file -s 708b4b8c8ef06bb7abdb1cb4a0173118f45de920 [0ms]
[2022-05-13T23:49:56.950Z] > git show --textconv :HalbornCTF_Rust_Solana/ctf/src/processor.rs [3ms]
[2022-05-13T23:49:56.950Z] > git ls-files --stage -- /home/ubuntu/Documents/tmp/CTFs/HalbornCTF_Rust_Solana/ctf/src/processor.rs [0ms]
[2022-05-13T23:49:56.953Z] > git cat-file -s 43d31899b4a4dc79fd4df08cade2fd73f40db895 [0ms]
[2022-05-13T23:50:20.993Z] > git show --textconv :HalbornCTF_Rust_Solana/ctf/Cargo.toml [2ms]
[2022-05-13T23:50:20.994Z] > git ls-files --stage -- /home/ubuntu/Documents/tmp/CTFs/HalbornCTF_Rust_Solana/ctf/Cargo.toml [1ms]
[2022-05-13T23:50:20.996Z] > git cat-file -s bd6be8d751dc124587e10ef50d50cb43286ace5d [0ms]
[2022-05-13T23:50:22.133Z] > git show --textconv :HalbornCTF_Rust_Solana/ctf/src/state.rs [3ms]
[2022-05-13T23:50:22.133Z] > git ls-files --stage -- /home/ubuntu/Documents/tmp/CTFs/HalbornCTF_Rust_Solana/ctf/src/state.rs [1ms]
[2022-05-13T23:50:22.136Z] > git cat-file -s 1048965cbe8458ddeed87ce4e71e32a20c74186c [1ms]
[2022-05-13T23:50:33.704Z] > git show --textconv :HalbornCTF_Rust_Solana/ctf/Cargo.toml [2ms]
[2022-05-13T23:50:33.704Z] > git ls-files --stage -- /home/ubuntu/Documents/tmp/CTFs/HalbornCTF_Rust_Solana/ctf/Cargo.toml [0ms]
[2022-05-13T23:50:33.707Z] > git cat-file -s bd6be8d751dc124587e10ef50d50cb43286ace5d [1ms]
[2022-05-13T23:50:40.861Z] > git show --textconv :HalbornCTF_Rust_Solana/ctf/Xargo.toml [3ms]
[2022-05-13T23:50:40.861Z] > git ls-files --stage -- /home/ubuntu/Documents/tmp/CTFs/HalbornCTF_Rust_Solana/ctf/Xargo.toml [1ms]
[2022-05-13T23:50:40.864Z] > git cat-file -s 1744f098ae1f4adfda05eb5dc74e79f22c6e698d [0ms]
[2022-05-13T23:50:41.604Z] > git show --textconv :HalbornCTF_Rust_Solana/ctf/src/processor.rs [2ms]
[2022-05-13T23:50:41.605Z] > git ls-files --stage -- /home/ubuntu/Documents/tmp/CTFs/HalbornCTF_Rust_Solana/ctf/src/processor.rs [1ms]
[2022-05-13T23:50:41.607Z] > git cat-file -s 43d31899b4a4dc79fd4df08cade2fd73f40db895 [0ms]
[2022-05-13T23:50:42.507Z] > git show --textconv :HalbornCTF_Rust_Solana/ctf/src/state.rs [2ms]
[2022-05-13T23:50:42.508Z] > git ls-files --stage -- /home/ubuntu/Documents/tmp/CTFs/HalbornCTF_Rust_Solana/ctf/src/state.rs [1ms]
[2022-05-13T23:50:42.510Z] > git cat-file -s 1048965cbe8458ddeed87ce4e71e32a20c74186c [0ms]
[2022-05-13T23:50:47.684Z] > git show --textconv :HalbornCTF_Rust_Solana/ctf/src/processor.rs [2ms]
[2022-05-13T23:50:47.684Z] > git ls-files --stage -- /home/ubuntu/Documents/tmp/CTFs/HalbornCTF_Rust_Solana/ctf/src/processor.rs [1ms]
[2022-05-13T23:50:47.687Z] > git cat-file -s 43d31899b4a4dc79fd4df08cade2fd73f40db895 [1ms]
[2022-05-13T23:50:51.359Z] > git show --textconv :HalbornCTF_Rust_Solana/ctf/src/lib.rs [4ms]
[2022-05-13T23:50:51.359Z] > git ls-files --stage -- /home/ubuntu/Documents/tmp/CTFs/HalbornCTF_Rust_Solana/ctf/src/lib.rs [1ms]
[2022-05-13T23:50:51.362Z] > git cat-file -s 708b4b8c8ef06bb7abdb1cb4a0173118f45de920 [1ms]
[2022-05-13T23:50:55.887Z] > git show --textconv :HalbornCTF_Rust_Solana/ctf/src/instruction.rs [3ms]
[2022-05-13T23:50:55.887Z] > git ls-files --stage -- /home/ubuntu/Documents/tmp/CTFs/HalbornCTF_Rust_Solana/ctf/src/instruction.rs [1ms]
[2022-05-13T23:50:55.890Z] > git cat-file -s 0fc3aa4b0865a940af644e311aa09020ff6f1262 [1ms]
[2022-05-13T23:51:01.661Z] > git show --textconv :HalbornCTF_Rust_Solana/ctf/src/error.rs [2ms]
[2022-05-13T23:51:01.662Z] > git ls-files --stage -- /home/ubuntu/Documents/tmp/CTFs/HalbornCTF_Rust_Solana/ctf/src/error.rs [1ms]
[2022-05-13T23:51:01.664Z] > git cat-file -s b1b429e772c52fa4fc54b9986000a6797d1c942f [0ms]
[2022-05-13T23:51:06.064Z] > git show --textconv :HalbornCTF_Rust_Solana/ctf/src/constant.rs [3ms]
[2022-05-13T23:51:06.064Z] > git ls-files --stage -- /home/ubuntu/Documents/tmp/CTFs/HalbornCTF_Rust_Solana/ctf/src/constant.rs [1ms]
[2022-05-13T23:51:06.066Z] > git cat-file -s 3f1b5d32b8449afe073d2e29cbc0e6463bdcff19 [0ms]
