[2022-05-13 14:54:45.162] [exthost] [info] Extension host with pid 36381 started
[2022-05-13 14:54:45.162] [exthost] [info] Skipping acquiring lock for /home/ubuntu/.config/Code/User/workspaceStorage/b88f9721bd1aa2d56868e9155fc7f527.
[2022-05-13 14:54:45.279] [exthost] [info] ExtensionService#_doActivateExtension vscode.configuration-editing, startup: false, activationEvent: 'onLanguage:json'
[2022-05-13 14:54:45.286] [exthost] [info] ExtensionService#_doActivateExtension vscode.extension-editing, startup: false, activationEvent: 'onLanguage:json'
[2022-05-13 14:54:45.294] [exthost] [info] ExtensionService#_doActivateExtension vscode.json-language-features, startup: false, activationEvent: 'onLanguage:json'
[2022-05-13 14:54:45.323] [exthost] [info] ExtensionService#_doActivateExtension vscode.npm, startup: false, activationEvent: 'onLanguage:json'
[2022-05-13 14:54:45.346] [exthost] [info] ExtensionService#_doActivateExtension SimonSiefke.prettier-vscode, startup: false, activationEvent: 'onLanguage:json'
[2022-05-13 14:54:45.361] [exthost] [info] ExtensionService#_doActivateExtension vscode.microsoft-authentication, startup: false, activationEvent: 'onAuthenticationRequest:microsoft'
[2022-05-13 14:54:45.393] [exthost] [info] ExtensionService#_doActivateExtension vscode.debug-auto-launch, startup: true, activationEvent: '*'
[2022-05-13 14:54:45.397] [exthost] [info] ExtensionService#_doActivateExtension vscode.git-base, startup: true, activationEvent: '*', root cause: vscode.git
[2022-05-13 14:54:45.402] [exthost] [info] ExtensionService#_doActivateExtension vscode.ipynb, startup: true, activationEvent: '*'
[2022-05-13 14:54:45.407] [exthost] [info] ExtensionService#_doActivateExtension ms-python.python, startup: true, activationEvent: 'workspaceContains:requirements.txt'
[2022-05-13 14:54:45.715] [exthost] [info] ExtensionService#_doActivateExtension vscode.git, startup: true, activationEvent: '*'
[2022-05-13 14:54:45.746] [exthost] [info] ExtensionService#_doActivateExtension vscode.github, startup: true, activationEvent: '*'
[2022-05-13 14:54:46.107] [exthost] [info] Eager extensions activated
[2022-05-13 14:54:46.280] [exthost] [info] ExtensionService#_doActivateExtension vscode.emmet, startup: false, activationEvent: 'onStartupFinished'
[2022-05-13 14:54:46.289] [exthost] [info] ExtensionService#_doActivateExtension vscode.merge-conflict, startup: false, activationEvent: 'onStartupFinished'
[2022-05-13 14:54:46.293] [exthost] [info] ExtensionService#_doActivateExtension ms-vscode-remote.remote-containers, startup: false, activationEvent: 'onStartupFinished'
[2022-05-13 14:54:46.350] [exthost] [info] ExtensionService#_doActivateExtension vscode.github-authentication, startup: false, activationEvent: 'onAuthenticationRequest:github'
[2022-05-13 15:09:22.498] [exthost] [info] ExtensionService#_doActivateExtension vscode.typescript-language-features, startup: false, activationEvent: 'onLanguage:jsonc'
[2022-05-13 15:21:32.174] [exthost] [info] Extension host terminating: renderer closed the socket
[2022-05-13 15:21:32.186] [exthost] [info] Extension host with pid 36381 exiting with code 0
