[2022-05-10 04:43:46.910] [exthost] [info] Extension host with pid 2478 started
[2022-05-10 04:43:46.910] [exthost] [info] Skipping acquiring lock for /home/ubuntu/.config/Code/User/workspaceStorage/c09894c1b1628b1192c53320cd6ece9d.
[2022-05-10 04:43:46.979] [exthost] [info] ExtensionService#_doActivateExtension vscode.typescript-language-features, startup: false, activationEvent: 'onLanguage:javascript'
[2022-05-10 04:43:47.006] [exthost] [info] ExtensionService#_doActivateExtension SimonSiefke.prettier-vscode, startup: false, activationEvent: 'onLanguage:javascript'
[2022-05-10 04:43:47.037] [exthost] [info] ExtensionService#_doActivateExtension vscode.microsoft-authentication, startup: false, activationEvent: 'onAuthenticationRequest:microsoft'
[2022-05-10 04:43:47.092] [exthost] [info] ExtensionService#_doActivateExtension vscode.debug-auto-launch, startup: true, activationEvent: '*'
[2022-05-10 04:43:47.106] [exthost] [info] ExtensionService#_doActivateExtension vscode.git-base, startup: true, activationEvent: '*', root cause: vscode.git
[2022-05-10 04:43:47.111] [exthost] [info] ExtensionService#_doActivateExtension vscode.ipynb, startup: true, activationEvent: '*'
[2022-05-10 04:43:47.117] [exthost] [info] ExtensionService#_doActivateExtension vscode.npm, startup: true, activationEvent: 'workspaceContains:package.json'
[2022-05-10 04:43:47.278] [exthost] [info] ExtensionService#_doActivateExtension vscode.git, startup: true, activationEvent: '*'
[2022-05-10 04:43:47.311] [exthost] [info] ExtensionService#_doActivateExtension vscode.github, startup: true, activationEvent: '*'
[2022-05-10 04:43:47.481] [exthost] [info] ExtensionService#_doActivateExtension vscode.github-authentication, startup: false, activationEvent: 'onAuthenticationRequest:github'
[2022-05-10 04:43:47.509] [exthost] [info] Eager extensions activated
[2022-05-10 04:43:47.549] [exthost] [info] ExtensionService#_doActivateExtension vscode.emmet, startup: false, activationEvent: 'onStartupFinished'
[2022-05-10 04:43:47.569] [exthost] [info] ExtensionService#_doActivateExtension vscode.merge-conflict, startup: false, activationEvent: 'onStartupFinished'
[2022-05-10 04:43:47.576] [exthost] [info] ExtensionService#_doActivateExtension ms-vscode-remote.remote-containers, startup: false, activationEvent: 'onStartupFinished'
[2022-05-10 04:44:05.652] [exthost] [info] Extension host terminating: renderer closed the socket
[2022-05-10 04:44:05.661] [exthost] [info] Extension host with pid 2478 exiting with code 0
[2022-05-10 04:44:06.704] [exthost] [info] Extension host with pid 2762 started
[2022-05-10 04:44:06.704] [exthost] [info] Skipping acquiring lock for /home/ubuntu/.config/Code/User/workspaceStorage/78962331e4d45bea92e4156e4eb90277.
[2022-05-10 04:44:06.740] [exthost] [info] ExtensionService#_doActivateExtension vscode.microsoft-authentication, startup: false, activationEvent: 'onAuthenticationRequest:microsoft'
[2022-05-10 04:44:06.750] [exthost] [info] ExtensionService#_doActivateExtension vscode.debug-auto-launch, startup: true, activationEvent: '*'
[2022-05-10 04:44:06.751] [exthost] [info] ExtensionService#_doActivateExtension vscode.git-base, startup: true, activationEvent: '*', root cause: vscode.git
[2022-05-10 04:44:06.752] [exthost] [info] ExtensionService#_doActivateExtension vscode.ipynb, startup: true, activationEvent: '*'
[2022-05-10 04:44:06.754] [exthost] [info] ExtensionService#_doActivateExtension vscode.npm, startup: true, activationEvent: 'workspaceContains:package.json'
[2022-05-10 04:44:06.770] [exthost] [info] ExtensionService#_doActivateExtension vscode.git, startup: true, activationEvent: '*'
[2022-05-10 04:44:06.781] [exthost] [info] ExtensionService#_doActivateExtension vscode.github, startup: true, activationEvent: '*'
[2022-05-10 04:44:06.813] [exthost] [info] ExtensionService#_doActivateExtension vscode.github-authentication, startup: false, activationEvent: 'onAuthenticationRequest:github'
[2022-05-10 04:44:06.906] [exthost] [info] Eager extensions activated
[2022-05-10 04:44:06.912] [exthost] [info] ExtensionService#_doActivateExtension vscode.emmet, startup: false, activationEvent: 'onStartupFinished'
[2022-05-10 04:44:06.917] [exthost] [info] ExtensionService#_doActivateExtension vscode.merge-conflict, startup: false, activationEvent: 'onStartupFinished'
[2022-05-10 04:44:06.918] [exthost] [info] ExtensionService#_doActivateExtension ms-vscode-remote.remote-containers, startup: false, activationEvent: 'onStartupFinished'
[2022-05-10 04:44:13.969] [exthost] [info] ExtensionService#_doActivateExtension vscode.typescript-language-features, startup: false, activationEvent: 'onLanguage:javascript'
[2022-05-10 04:44:13.989] [exthost] [info] ExtensionService#_doActivateExtension SimonSiefke.prettier-vscode, startup: false, activationEvent: 'onLanguage:javascript'
