[2022-05-18 16:10:37.966] [exthost] [info] Extension host with pid 2499 started
[2022-05-18 16:10:37.967] [exthost] [info] Skipping acquiring lock for /home/ubuntu/.config/Code/User/workspaceStorage/049d78427a83ec6a75696d4f7159afca.
[2022-05-18 16:10:38.178] [exthost] [info] ExtensionService#_doActivateExtension JuanBlanco.solidity, startup: false, activationEvent: 'onLanguage:solidity'
[2022-05-18 16:10:40.479] [exthost] [info] ExtensionService#_doActivateExtension SimonSiefke.prettier-vscode, startup: false, activationEvent: 'onLanguage:solidity'
[2022-05-18 16:10:40.497] [exthost] [info] ExtensionService#_doActivateExtension vscode.microsoft-authentication, startup: false, activationEvent: 'onAuthenticationRequest:microsoft'
[2022-05-18 16:10:40.540] [exthost] [info] ExtensionService#_doActivateExtension vscode.debug-auto-launch, startup: true, activationEvent: '*'
[2022-05-18 16:10:40.544] [exthost] [info] ExtensionService#_doActivateExtension vscode.git-base, startup: true, activationEvent: '*', root cause: vscode.git
[2022-05-18 16:10:40.552] [exthost] [info] ExtensionService#_doActivateExtension vscode.ipynb, startup: true, activationEvent: '*'
[2022-05-18 16:10:40.584] [exthost] [info] ExtensionService#_doActivateExtension vscode.npm, startup: true, activationEvent: 'workspaceContains:package.json'
[2022-05-18 16:10:40.730] [exthost] [info] ExtensionService#_doActivateExtension vscode.git, startup: true, activationEvent: '*'
[2022-05-18 16:10:40.760] [exthost] [info] ExtensionService#_doActivateExtension vscode.github, startup: true, activationEvent: '*'
[2022-05-18 16:10:40.963] [exthost] [info] ExtensionService#_doActivateExtension vscode.github-authentication, startup: false, activationEvent: 'onAuthenticationRequest:github'
[2022-05-18 16:10:41.420] [exthost] [info] Eager extensions activated
[2022-05-18 16:10:41.452] [exthost] [info] ExtensionService#_doActivateExtension vscode.emmet, startup: false, activationEvent: 'onStartupFinished'
[2022-05-18 16:10:41.481] [exthost] [info] ExtensionService#_doActivateExtension vscode.merge-conflict, startup: false, activationEvent: 'onStartupFinished'
[2022-05-18 16:10:41.483] [exthost] [info] ExtensionService#_doActivateExtension ms-vscode-remote.remote-containers, startup: false, activationEvent: 'onStartupFinished'
[2022-05-18 16:10:51.980] [exthost] [info] ExtensionService#_doActivateExtension vscode.typescript-language-features, startup: false, activationEvent: 'onLanguage:javascript'
[2022-05-18 16:37:31.600] [exthost] [error] [JuanBlanco.solidity] provider FAILED
[2022-05-18 16:37:31.604] [exthost] [error] Error: Request textDocument/definition failed with message: Expected "!=", "%", "&", "&&", "(", ")", "*", "+", "++", ",", "-", "--", ".", "/", "/*", "<", "<<", "<=", "==", ">", ">=", ">>", ">>>", "?", "[", "^", "calldata", "memory", "storage", "{", "|", "||", comment, end of line, identifier, or whitespace but ";" found. Line: 140, Column: 87
    at handleResponse (/home/ubuntu/.vscode/extensions/juanblanco.solidity-0.0.139/node_modules/vscode-jsonrpc/lib/common/connection.js:477:48)
    at processMessageQueue (/home/ubuntu/.vscode/extensions/juanblanco.solidity-0.0.139/node_modules/vscode-jsonrpc/lib/common/connection.js:292:17)
    at Immediate.<anonymous> (/home/ubuntu/.vscode/extensions/juanblanco.solidity-0.0.139/node_modules/vscode-jsonrpc/lib/common/connection.js:276:13)
    at processImmediate (node:internal/timers:464:21)
[2022-05-18 17:23:36.650] [exthost] [info] Extension host terminating: renderer closed the socket
[2022-05-18 17:23:36.671] [exthost] [info] Extension host with pid 2499 exiting with code 0
